{"level":"info","message":"游 Trackdesk Backend Server running on port 3001","timestamp":"2025-09-27T13:01:08.223Z"}
{"level":"info","message":"游니 WebSocket server running on port 3001","timestamp":"2025-09-27T13:01:08.228Z"}
{"level":"info","message":"游깷 Environment: production","timestamp":"2025-09-27T13:01:08.231Z"}
{"level":"info","message":"游 Trackdesk Backend Server running on port 3001","timestamp":"2025-09-27T13:05:20.444Z"}
{"level":"info","message":"游니 WebSocket server running on port 3001","timestamp":"2025-09-27T13:05:20.449Z"}
{"level":"info","message":"游깷 Environment: production","timestamp":"2025-09-27T13:05:20.450Z"}
{"level":"info","message":"SIGTERM received, shutting down gracefully","timestamp":"2025-09-27T13:05:27.533Z"}
{"level":"info","message":"游 Trackdesk Backend Server running on port 3001","timestamp":"2025-09-27T13:05:28.482Z"}
{"level":"info","message":"游니 WebSocket server running on port 3001","timestamp":"2025-09-27T13:05:28.486Z"}
{"level":"info","message":"游깷 Environment: production","timestamp":"2025-09-27T13:05:28.487Z"}
{"level":"info","message":"SIGTERM received, shutting down gracefully","timestamp":"2025-09-27T13:05:45.000Z"}
{"level":"info","message":"游 Trackdesk Backend Server running on port 3001","timestamp":"2025-09-27T13:05:45.938Z"}
{"level":"info","message":"游니 WebSocket server running on port 3001","timestamp":"2025-09-27T13:05:45.941Z"}
{"level":"info","message":"游깷 Environment: production","timestamp":"2025-09-27T13:05:45.941Z"}
{"level":"info","message":"SIGTERM received, shutting down gracefully","timestamp":"2025-09-27T13:07:08.290Z"}
{"level":"info","message":"游 Trackdesk Backend Server running on port 3001","timestamp":"2025-09-27T13:07:14.678Z"}
{"level":"info","message":"游니 WebSocket server running on port 3001","timestamp":"2025-09-27T13:07:14.681Z"}
{"level":"info","message":"游깷 Environment: production","timestamp":"2025-09-27T13:07:14.681Z"}
{"level":"info","message":"SIGTERM received, shutting down gracefully","timestamp":"2025-09-27T13:07:43.186Z"}
{"level":"info","message":"游 Trackdesk Backend Server running on port 3001","timestamp":"2025-09-27T13:07:44.250Z"}
{"level":"info","message":"游니 WebSocket server running on port 3001","timestamp":"2025-09-27T13:07:44.254Z"}
{"level":"info","message":"游깷 Environment: production","timestamp":"2025-09-27T13:07:44.255Z"}
{"level":"info","message":"SIGTERM received, shutting down gracefully","timestamp":"2025-09-27T13:08:22.944Z"}
{"level":"info","message":"游 Trackdesk Backend Server running on port 3001","timestamp":"2025-09-27T13:08:23.791Z"}
{"level":"info","message":"游니 WebSocket server running on port 3001","timestamp":"2025-09-27T13:08:23.795Z"}
{"level":"info","message":"游깷 Environment: production","timestamp":"2025-09-27T13:08:23.795Z"}
{"level":"info","message":"SIGTERM received, shutting down gracefully","timestamp":"2025-09-27T13:09:01.958Z"}
{"level":"info","message":"游 Trackdesk Backend Server running on port 3001","timestamp":"2025-09-27T13:09:03.237Z"}
{"level":"info","message":"游니 WebSocket server running on port 3001","timestamp":"2025-09-27T13:09:03.241Z"}
{"level":"info","message":"游깷 Environment: production","timestamp":"2025-09-27T13:09:03.242Z"}
{"level":"info","message":"SIGTERM received, shutting down gracefully","timestamp":"2025-09-27T13:09:12.547Z"}
{"level":"info","message":"游 Trackdesk Backend Server running on port 3001","timestamp":"2025-09-27T13:09:13.789Z"}
{"level":"info","message":"游니 WebSocket server running on port 3001","timestamp":"2025-09-27T13:09:13.793Z"}
{"level":"info","message":"游깷 Environment: production","timestamp":"2025-09-27T13:09:13.794Z"}
{"level":"info","message":"SIGTERM received, shutting down gracefully","timestamp":"2025-09-27T13:09:23.983Z"}
{"level":"info","message":"游 Trackdesk Backend Server running on port 3001","timestamp":"2025-09-27T13:09:25.352Z"}
{"level":"info","message":"游니 WebSocket server running on port 3001","timestamp":"2025-09-27T13:09:25.356Z"}
{"level":"info","message":"游깷 Environment: production","timestamp":"2025-09-27T13:09:25.357Z"}
{"level":"info","message":"SIGTERM received, shutting down gracefully","timestamp":"2025-09-27T13:12:14.694Z"}
{"level":"info","message":"游 Trackdesk Backend Server running on port 3001","timestamp":"2025-09-27T13:12:15.570Z"}
{"level":"info","message":"游니 WebSocket server running on port 3001","timestamp":"2025-09-27T13:12:15.573Z"}
{"level":"info","message":"游깷 Environment: production","timestamp":"2025-09-27T13:12:15.573Z"}
{"level":"info","message":"SIGTERM received, shutting down gracefully","timestamp":"2025-09-27T13:29:26.748Z"}
{"level":"info","message":"游 Trackdesk Backend Server running on port 3001","timestamp":"2025-09-27T13:29:28.348Z"}
{"level":"info","message":"游니 WebSocket server running on port 3001","timestamp":"2025-09-27T13:29:28.352Z"}
{"level":"info","message":"游깷 Environment: production","timestamp":"2025-09-27T13:29:28.352Z"}
{"level":"info","message":"游 Trackdesk Backend Server running on port 3003","timestamp":"2025-09-27T13:30:45.272Z"}
{"level":"info","message":"游니 WebSocket server running on port 3003","timestamp":"2025-09-27T13:30:45.276Z"}
{"level":"info","message":"游깷 Environment: production","timestamp":"2025-09-27T13:30:45.276Z"}
{"level":"info","message":"SIGTERM received, shutting down gracefully","timestamp":"2025-09-27T13:34:47.008Z"}
{"level":"info","message":"游 Trackdesk Backend Server running on port 3003","timestamp":"2025-09-27T13:34:47.985Z"}
{"level":"info","message":"游니 WebSocket server running on port 3003","timestamp":"2025-09-27T13:34:47.987Z"}
{"level":"info","message":"游깷 Environment: production","timestamp":"2025-09-27T13:34:47.988Z"}
{"level":"info","message":"SIGTERM received, shutting down gracefully","timestamp":"2025-09-27T13:34:56.722Z"}
{"level":"info","message":"游 Trackdesk Backend Server running on port 3003","timestamp":"2025-09-27T13:34:57.557Z"}
{"level":"info","message":"游니 WebSocket server running on port 3003","timestamp":"2025-09-27T13:34:57.559Z"}
{"level":"info","message":"游깷 Environment: production","timestamp":"2025-09-27T13:34:57.560Z"}
{"level":"info","message":"SIGTERM received, shutting down gracefully","timestamp":"2025-09-27T13:35:05.920Z"}
{"level":"info","message":"游 Trackdesk Backend Server running on port 3003","timestamp":"2025-09-27T13:35:06.724Z"}
{"level":"info","message":"游니 WebSocket server running on port 3003","timestamp":"2025-09-27T13:35:06.738Z"}
{"level":"info","message":"游깷 Environment: production","timestamp":"2025-09-27T13:35:06.739Z"}
{"level":"info","message":"SIGTERM received, shutting down gracefully","timestamp":"2025-09-27T13:35:28.517Z"}
{"level":"info","message":"游 Trackdesk Backend Server running on port 3003","timestamp":"2025-09-27T13:35:29.718Z"}
{"level":"info","message":"游니 WebSocket server running on port 3003","timestamp":"2025-09-27T13:35:29.722Z"}
{"level":"info","message":"游깷 Environment: production","timestamp":"2025-09-27T13:35:29.722Z"}
{"level":"info","message":"SIGTERM received, shutting down gracefully","timestamp":"2025-09-27T13:35:46.416Z"}
{"level":"info","message":"游 Trackdesk Backend Server running on port 3003","timestamp":"2025-09-27T13:35:47.738Z"}
{"level":"info","message":"游니 WebSocket server running on port 3003","timestamp":"2025-09-27T13:35:47.745Z"}
{"level":"info","message":"游깷 Environment: production","timestamp":"2025-09-27T13:35:47.745Z"}
{"level":"info","message":"SIGTERM received, shutting down gracefully","timestamp":"2025-09-27T13:35:57.025Z"}
{"level":"info","message":"游 Trackdesk Backend Server running on port 3003","timestamp":"2025-09-27T13:35:58.982Z"}
{"level":"info","message":"游니 WebSocket server running on port 3003","timestamp":"2025-09-27T13:35:58.987Z"}
{"level":"info","message":"游깷 Environment: production","timestamp":"2025-09-27T13:35:58.987Z"}
{"level":"info","message":"SIGTERM received, shutting down gracefully","timestamp":"2025-09-27T13:36:08.328Z"}
{"level":"info","message":"游 Trackdesk Backend Server running on port 3003","timestamp":"2025-09-27T13:36:09.380Z"}
{"level":"info","message":"游니 WebSocket server running on port 3003","timestamp":"2025-09-27T13:36:09.382Z"}
{"level":"info","message":"游깷 Environment: production","timestamp":"2025-09-27T13:36:09.383Z"}
{"level":"info","message":"SIGTERM received, shutting down gracefully","timestamp":"2025-09-27T13:36:19.020Z"}
{"level":"info","message":"游 Trackdesk Backend Server running on port 3003","timestamp":"2025-09-27T13:36:20.017Z"}
{"level":"info","message":"游니 WebSocket server running on port 3003","timestamp":"2025-09-27T13:36:20.019Z"}
{"level":"info","message":"游깷 Environment: production","timestamp":"2025-09-27T13:36:20.020Z"}
{"level":"info","message":"SIGTERM received, shutting down gracefully","timestamp":"2025-09-27T13:36:26.705Z"}
{"level":"info","message":"游 Trackdesk Backend Server running on port 3003","timestamp":"2025-09-27T13:36:27.640Z"}
{"level":"info","message":"游니 WebSocket server running on port 3003","timestamp":"2025-09-27T13:36:27.643Z"}
{"level":"info","message":"游깷 Environment: production","timestamp":"2025-09-27T13:36:27.644Z"}
{"level":"info","message":"SIGTERM received, shutting down gracefully","timestamp":"2025-09-27T13:36:34.368Z"}
{"level":"info","message":"游 Trackdesk Backend Server running on port 3003","timestamp":"2025-09-27T13:36:35.262Z"}
{"level":"info","message":"游니 WebSocket server running on port 3003","timestamp":"2025-09-27T13:36:35.265Z"}
{"level":"info","message":"游깷 Environment: production","timestamp":"2025-09-27T13:36:35.265Z"}
{"level":"info","message":"SIGTERM received, shutting down gracefully","timestamp":"2025-09-27T13:36:42.317Z"}
{"level":"info","message":"游 Trackdesk Backend Server running on port 3003","timestamp":"2025-09-27T13:36:43.377Z"}
{"level":"info","message":"游니 WebSocket server running on port 3003","timestamp":"2025-09-27T13:36:43.380Z"}
{"level":"info","message":"游깷 Environment: production","timestamp":"2025-09-27T13:36:43.380Z"}
{"level":"info","message":"SIGTERM received, shutting down gracefully","timestamp":"2025-09-27T13:36:56.741Z"}
{"level":"info","message":"游 Trackdesk Backend Server running on port 3003","timestamp":"2025-09-27T13:36:58.326Z"}
{"level":"info","message":"游니 WebSocket server running on port 3003","timestamp":"2025-09-27T13:36:58.331Z"}
{"level":"info","message":"游깷 Environment: production","timestamp":"2025-09-27T13:36:58.332Z"}
{"level":"info","message":"SIGTERM received, shutting down gracefully","timestamp":"2025-09-27T13:37:08.913Z"}
{"level":"info","message":"游 Trackdesk Backend Server running on port 3003","timestamp":"2025-09-27T13:37:10.090Z"}
{"level":"info","message":"游니 WebSocket server running on port 3003","timestamp":"2025-09-27T13:37:10.095Z"}
{"level":"info","message":"游깷 Environment: production","timestamp":"2025-09-27T13:37:10.095Z"}
{"level":"info","message":"SIGTERM received, shutting down gracefully","timestamp":"2025-09-27T13:37:25.427Z"}
{"level":"info","message":"游 Trackdesk Backend Server running on port 3003","timestamp":"2025-09-27T13:37:27.014Z"}
{"level":"info","message":"游니 WebSocket server running on port 3003","timestamp":"2025-09-27T13:37:27.019Z"}
{"level":"info","message":"游깷 Environment: production","timestamp":"2025-09-27T13:37:27.019Z"}
{"level":"info","message":"SIGTERM received, shutting down gracefully","timestamp":"2025-09-27T13:38:16.650Z"}
{"level":"info","message":"游 Trackdesk Backend Server running on port 3003","timestamp":"2025-09-27T13:38:17.535Z"}
{"level":"info","message":"游니 WebSocket server running on port 3003","timestamp":"2025-09-27T13:38:17.546Z"}
{"level":"info","message":"游깷 Environment: production","timestamp":"2025-09-27T13:38:17.546Z"}
{"level":"info","message":"SIGTERM received, shutting down gracefully","timestamp":"2025-09-27T13:39:42.420Z"}
{"level":"info","message":"游 Trackdesk Backend Server running on port 3003","timestamp":"2025-09-27T13:39:43.933Z"}
{"level":"info","message":"游니 WebSocket server running on port 3003","timestamp":"2025-09-27T13:39:43.937Z"}
{"level":"info","message":"游깷 Environment: production","timestamp":"2025-09-27T13:39:43.938Z"}
{"level":"info","message":"SIGTERM received, shutting down gracefully","timestamp":"2025-09-27T13:39:59.322Z"}
{"level":"info","message":"游 Trackdesk Backend Server running on port 3003","timestamp":"2025-09-27T13:40:00.652Z"}
{"level":"info","message":"游니 WebSocket server running on port 3003","timestamp":"2025-09-27T13:40:00.655Z"}
{"level":"info","message":"游깷 Environment: production","timestamp":"2025-09-27T13:40:00.656Z"}
{"level":"info","message":"SIGTERM received, shutting down gracefully","timestamp":"2025-09-27T13:40:36.435Z"}
{"level":"info","message":"游 Trackdesk Backend Server running on port 3003","timestamp":"2025-09-27T13:40:38.239Z"}
{"level":"info","message":"游니 WebSocket server running on port 3003","timestamp":"2025-09-27T13:40:38.248Z"}
{"level":"info","message":"游깷 Environment: production","timestamp":"2025-09-27T13:40:38.249Z"}
{"level":"info","message":"SIGTERM received, shutting down gracefully","timestamp":"2025-09-27T13:40:50.264Z"}
{"level":"info","message":"游 Trackdesk Backend Server running on port 3003","timestamp":"2025-09-27T13:40:51.452Z"}
{"level":"info","message":"游니 WebSocket server running on port 3003","timestamp":"2025-09-27T13:40:51.456Z"}
{"level":"info","message":"游깷 Environment: production","timestamp":"2025-09-27T13:40:51.456Z"}
{"level":"info","message":"SIGTERM received, shutting down gracefully","timestamp":"2025-09-27T13:41:21.797Z"}
{"level":"info","message":"游 Trackdesk Backend Server running on port 3003","timestamp":"2025-09-27T13:41:22.669Z"}
{"level":"info","message":"游니 WebSocket server running on port 3003","timestamp":"2025-09-27T13:41:22.672Z"}
{"level":"info","message":"游깷 Environment: production","timestamp":"2025-09-27T13:41:22.673Z"}
{"level":"info","message":"SIGTERM received, shutting down gracefully","timestamp":"2025-09-27T13:42:30.802Z"}
{"level":"info","message":"游 Trackdesk Backend Server running on port 3003","timestamp":"2025-09-27T13:42:31.992Z"}
{"level":"info","message":"游니 WebSocket server running on port 3003","timestamp":"2025-09-27T13:42:31.995Z"}
{"level":"info","message":"游깷 Environment: production","timestamp":"2025-09-27T13:42:31.995Z"}
{"level":"info","message":"SIGTERM received, shutting down gracefully","timestamp":"2025-09-27T13:42:40.316Z"}
{"level":"info","message":"游 Trackdesk Backend Server running on port 3003","timestamp":"2025-09-27T13:42:41.517Z"}
{"level":"info","message":"游니 WebSocket server running on port 3003","timestamp":"2025-09-27T13:42:41.520Z"}
{"level":"info","message":"游깷 Environment: production","timestamp":"2025-09-27T13:42:41.521Z"}
{"level":"info","message":"SIGTERM received, shutting down gracefully","timestamp":"2025-09-27T13:43:36.493Z"}
{"level":"info","message":"游 Trackdesk Backend Server running on port 3003","timestamp":"2025-09-27T13:43:37.393Z"}
{"level":"info","message":"游니 WebSocket server running on port 3003","timestamp":"2025-09-27T13:43:37.397Z"}
{"level":"info","message":"游깷 Environment: production","timestamp":"2025-09-27T13:43:37.397Z"}
{"level":"info","message":"SIGTERM received, shutting down gracefully","timestamp":"2025-09-27T15:59:33.744Z"}
{"level":"info","message":"游 Trackdesk Backend Server running on port 3003","timestamp":"2025-09-27T15:59:34.993Z"}
{"level":"info","message":"游니 WebSocket server running on port 3003","timestamp":"2025-09-27T15:59:34.996Z"}
{"level":"info","message":"游깷 Environment: production","timestamp":"2025-09-27T15:59:34.997Z"}
{"level":"info","message":"SIGTERM received, shutting down gracefully","timestamp":"2025-09-27T15:59:47.959Z"}
{"level":"info","message":"游 Trackdesk Backend Server running on port 3003","timestamp":"2025-09-29T15:48:23.290Z"}
{"level":"info","message":"游니 WebSocket server running on port 3003","timestamp":"2025-09-29T15:48:23.294Z"}
{"level":"info","message":"游깷 Environment: production","timestamp":"2025-09-29T15:48:23.295Z"}
{"level":"info","message":"SIGTERM received, shutting down gracefully","timestamp":"2025-09-29T15:48:26.907Z"}
{"level":"info","message":"游 Trackdesk Backend Server running on port 3003","timestamp":"2025-09-29T15:48:28.694Z"}
{"level":"info","message":"游니 WebSocket server running on port 3003","timestamp":"2025-09-29T15:48:28.699Z"}
{"level":"info","message":"游깷 Environment: production","timestamp":"2025-09-29T15:48:28.699Z"}
{"level":"info","message":"SIGTERM received, shutting down gracefully","timestamp":"2025-09-29T15:48:56.438Z"}
{"level":"info","message":"游 Trackdesk Backend Server running on port 3003","timestamp":"2025-09-29T15:48:57.625Z"}
{"level":"info","message":"游니 WebSocket server running on port 3003","timestamp":"2025-09-29T15:48:57.630Z"}
{"level":"info","message":"游깷 Environment: production","timestamp":"2025-09-29T15:48:57.630Z"}
{"level":"info","message":"SIGTERM received, shutting down gracefully","timestamp":"2025-09-29T15:52:04.504Z"}
{"level":"info","message":"游 Trackdesk Backend Server running on port 3003","timestamp":"2025-09-29T15:52:05.198Z"}
{"level":"info","message":"游니 WebSocket server running on port 3003","timestamp":"2025-09-29T15:52:05.201Z"}
{"level":"info","message":"游깷 Environment: production","timestamp":"2025-09-29T15:52:05.201Z"}
{"level":"info","message":"SIGTERM received, shutting down gracefully","timestamp":"2025-09-29T15:56:53.169Z"}
{"level":"info","message":"游 Trackdesk Backend Server running on port 3003","timestamp":"2025-09-29T15:56:54.632Z"}
{"level":"info","message":"游니 WebSocket server running on port 3003","timestamp":"2025-09-29T15:56:54.641Z"}
{"level":"info","message":"游깷 Environment: production","timestamp":"2025-09-29T15:56:54.643Z"}
{"level":"info","message":"SIGTERM received, shutting down gracefully","timestamp":"2025-09-29T15:57:01.324Z"}
{"level":"info","message":"游 Trackdesk Backend Server running on port 3003","timestamp":"2025-09-29T15:57:02.558Z"}
{"level":"info","message":"游니 WebSocket server running on port 3003","timestamp":"2025-09-29T15:57:02.563Z"}
{"level":"info","message":"游깷 Environment: production","timestamp":"2025-09-29T15:57:02.563Z"}
{"level":"info","message":"SIGTERM received, shutting down gracefully","timestamp":"2025-09-29T15:59:37.653Z"}
{"level":"info","message":"游 Trackdesk Backend Server running on port 3003","timestamp":"2025-09-29T15:59:39.221Z"}
{"level":"info","message":"游니 WebSocket server running on port 3003","timestamp":"2025-09-29T15:59:39.225Z"}
{"level":"info","message":"游깷 Environment: production","timestamp":"2025-09-29T15:59:39.225Z"}
{"level":"info","message":"SIGTERM received, shutting down gracefully","timestamp":"2025-09-29T16:00:27.459Z"}
{"level":"info","message":"游 Trackdesk Backend Server running on port 3003","timestamp":"2025-09-29T16:00:28.245Z"}
{"level":"info","message":"游니 WebSocket server running on port 3003","timestamp":"2025-09-29T16:00:28.248Z"}
{"level":"info","message":"游깷 Environment: production","timestamp":"2025-09-29T16:00:28.248Z"}
{"level":"info","message":"SIGTERM received, shutting down gracefully","timestamp":"2025-09-29T16:04:22.871Z"}
{"level":"info","message":"游 Trackdesk Backend Server running on port 3003","timestamp":"2025-09-29T16:04:24.462Z"}
{"level":"info","message":"游니 WebSocket server running on port 3003","timestamp":"2025-09-29T16:04:24.467Z"}
{"level":"info","message":"游깷 Environment: production","timestamp":"2025-09-29T16:04:24.468Z"}
{"level":"info","message":"SIGTERM received, shutting down gracefully","timestamp":"2025-09-29T16:05:12.984Z"}
{"level":"info","message":"游 Trackdesk Backend Server running on port 3003","timestamp":"2025-09-29T16:05:14.808Z"}
{"level":"info","message":"游니 WebSocket server running on port 3003","timestamp":"2025-09-29T16:05:14.813Z"}
{"level":"info","message":"游깷 Environment: production","timestamp":"2025-09-29T16:05:14.814Z"}
{"level":"info","message":"SIGTERM received, shutting down gracefully","timestamp":"2025-09-29T16:08:33.006Z"}
{"level":"info","message":"游 Trackdesk Backend Server running on port 3003","timestamp":"2025-09-29T17:07:16.675Z"}
{"level":"info","message":"游니 WebSocket server running on port 3003","timestamp":"2025-09-29T17:07:16.678Z"}
{"level":"info","message":"游깷 Environment: production","timestamp":"2025-09-29T17:07:16.678Z"}
{"level":"info","message":"SIGTERM received, shutting down gracefully","timestamp":"2025-09-29T17:07:27.333Z"}
{"level":"info","message":"游 Trackdesk Backend Server running on port 3003","timestamp":"2025-09-29T17:07:31.258Z"}
{"level":"info","message":"游니 WebSocket server running on port 3003","timestamp":"2025-09-29T17:07:31.265Z"}
{"level":"info","message":"游깷 Environment: production","timestamp":"2025-09-29T17:07:31.266Z"}
{"level":"info","message":"SIGTERM received, shutting down gracefully","timestamp":"2025-09-29T17:07:49.519Z"}
{"level":"info","message":"游 Trackdesk Backend Server running on port 3003","timestamp":"2025-09-29T17:07:52.431Z"}
{"level":"info","message":"游니 WebSocket server running on port 3003","timestamp":"2025-09-29T17:07:52.439Z"}
{"level":"info","message":"游깷 Environment: production","timestamp":"2025-09-29T17:07:52.440Z"}
{"level":"info","message":"SIGTERM received, shutting down gracefully","timestamp":"2025-09-29T17:08:08.986Z"}
{"level":"info","message":"游 Trackdesk Backend Server running on port 3003","timestamp":"2025-09-29T17:08:12.106Z"}
{"level":"info","message":"游니 WebSocket server running on port 3003","timestamp":"2025-09-29T17:08:12.113Z"}
{"level":"info","message":"游깷 Environment: production","timestamp":"2025-09-29T17:08:12.114Z"}
{"level":"info","message":"SIGTERM received, shutting down gracefully","timestamp":"2025-09-29T17:08:32.615Z"}
{"level":"info","message":"游 Trackdesk Backend Server running on port 3003","timestamp":"2025-09-29T17:08:35.575Z"}
{"level":"info","message":"游니 WebSocket server running on port 3003","timestamp":"2025-09-29T17:08:35.579Z"}
{"level":"info","message":"游깷 Environment: production","timestamp":"2025-09-29T17:08:35.579Z"}
{"level":"info","message":"SIGTERM received, shutting down gracefully","timestamp":"2025-09-29T17:08:52.211Z"}
{"level":"info","message":"游 Trackdesk Backend Server running on port 3003","timestamp":"2025-09-29T17:08:54.224Z"}
{"level":"info","message":"游니 WebSocket server running on port 3003","timestamp":"2025-09-29T17:08:54.229Z"}
{"level":"info","message":"游깷 Environment: production","timestamp":"2025-09-29T17:08:54.230Z"}
{"level":"info","message":"游 Trackdesk Backend Server running on port 3003","timestamp":"2025-09-30T11:21:53.836Z"}
{"level":"info","message":"游니 WebSocket server running on port 3003","timestamp":"2025-09-30T11:21:53.839Z"}
{"level":"info","message":"游깷 Environment: production","timestamp":"2025-09-30T11:21:53.839Z"}
{"level":"info","message":"游 Trackdesk Backend Server running on port 3003","timestamp":"2025-09-30T14:51:27.056Z"}
{"level":"info","message":"游니 WebSocket server running on port 3003","timestamp":"2025-09-30T14:51:27.058Z"}
{"level":"info","message":"游깷 Environment: production","timestamp":"2025-09-30T14:51:27.059Z"}
{"level":"info","message":"游 Trackdesk Backend Server running on port 3003","timestamp":"2025-09-30T15:39:20.619Z"}
{"level":"info","message":"游니 WebSocket server running on port 3003","timestamp":"2025-09-30T15:39:20.622Z"}
{"level":"info","message":"游깷 Environment: production","timestamp":"2025-09-30T15:39:20.622Z"}
{"level":"info","message":"游 Trackdesk Backend Server running on port 3003","timestamp":"2025-09-30T15:56:51.382Z"}
{"level":"info","message":"游니 WebSocket server running on port 3003","timestamp":"2025-09-30T15:56:51.385Z"}
{"level":"info","message":"游깷 Environment: production","timestamp":"2025-09-30T15:56:51.386Z"}
{"level":"info","message":"游 Trackdesk Backend Server running on port 3003","timestamp":"2025-10-01T14:43:55.947Z"}
{"level":"info","message":"游니 WebSocket server running on port 3003","timestamp":"2025-10-01T14:43:55.950Z"}
{"level":"info","message":"游깷 Environment: production","timestamp":"2025-10-01T14:43:55.951Z"}
{"level":"info","message":"SIGTERM received, shutting down gracefully","timestamp":"2025-10-01T14:59:29.505Z"}
{"level":"info","message":"游 Trackdesk Backend Server running on port 3003","timestamp":"2025-10-01T14:59:30.878Z"}
{"level":"info","message":"游니 WebSocket server running on port 3003","timestamp":"2025-10-01T14:59:30.882Z"}
{"level":"info","message":"游깷 Environment: production","timestamp":"2025-10-01T14:59:30.883Z"}
{"level":"info","message":"SIGTERM received, shutting down gracefully","timestamp":"2025-10-01T14:59:33.288Z"}
{"level":"info","message":"游 Trackdesk Backend Server running on port 3003","timestamp":"2025-10-01T14:59:34.282Z"}
{"level":"info","message":"游니 WebSocket server running on port 3003","timestamp":"2025-10-01T14:59:34.284Z"}
{"level":"info","message":"游깷 Environment: production","timestamp":"2025-10-01T14:59:34.285Z"}
{"level":"info","message":"SIGTERM received, shutting down gracefully","timestamp":"2025-10-01T14:59:54.180Z"}
{"level":"info","message":"游 Trackdesk Backend Server running on port 3003","timestamp":"2025-10-01T14:59:55.229Z"}
{"level":"info","message":"游니 WebSocket server running on port 3003","timestamp":"2025-10-01T14:59:55.232Z"}
{"level":"info","message":"游깷 Environment: production","timestamp":"2025-10-01T14:59:55.232Z"}
{"level":"info","message":"SIGTERM received, shutting down gracefully","timestamp":"2025-10-01T15:00:05.163Z"}
{"level":"info","message":"游 Trackdesk Backend Server running on port 3003","timestamp":"2025-10-01T15:00:06.301Z"}
{"level":"info","message":"游니 WebSocket server running on port 3003","timestamp":"2025-10-01T15:00:06.304Z"}
{"level":"info","message":"游깷 Environment: production","timestamp":"2025-10-01T15:00:06.304Z"}
{"level":"info","message":"SIGTERM received, shutting down gracefully","timestamp":"2025-10-01T15:00:14.899Z"}
{"level":"info","message":"游 Trackdesk Backend Server running on port 3003","timestamp":"2025-10-01T15:00:15.895Z"}
{"level":"info","message":"游니 WebSocket server running on port 3003","timestamp":"2025-10-01T15:00:15.898Z"}
{"level":"info","message":"游깷 Environment: production","timestamp":"2025-10-01T15:00:15.898Z"}
{"level":"info","message":"SIGTERM received, shutting down gracefully","timestamp":"2025-10-01T15:00:21.369Z"}
{"level":"info","message":"游 Trackdesk Backend Server running on port 3003","timestamp":"2025-10-01T15:00:22.365Z"}
{"level":"info","message":"游니 WebSocket server running on port 3003","timestamp":"2025-10-01T15:00:22.368Z"}
{"level":"info","message":"游깷 Environment: production","timestamp":"2025-10-01T15:00:22.368Z"}
{"level":"info","message":"SIGTERM received, shutting down gracefully","timestamp":"2025-10-01T15:00:24.712Z"}
{"level":"info","message":"游 Trackdesk Backend Server running on port 3003","timestamp":"2025-10-01T15:00:25.657Z"}
{"level":"info","message":"游니 WebSocket server running on port 3003","timestamp":"2025-10-01T15:00:25.660Z"}
{"level":"info","message":"游깷 Environment: production","timestamp":"2025-10-01T15:00:25.660Z"}
{"level":"info","message":"SIGTERM received, shutting down gracefully","timestamp":"2025-10-01T15:00:28.935Z"}
{"level":"info","message":"游 Trackdesk Backend Server running on port 3003","timestamp":"2025-10-01T15:00:29.797Z"}
{"level":"info","message":"游니 WebSocket server running on port 3003","timestamp":"2025-10-01T15:00:29.800Z"}
{"level":"info","message":"游깷 Environment: production","timestamp":"2025-10-01T15:00:29.801Z"}
{"level":"info","message":"SIGTERM received, shutting down gracefully","timestamp":"2025-10-01T15:00:32.702Z"}
{"level":"info","message":"游 Trackdesk Backend Server running on port 3003","timestamp":"2025-10-01T15:00:33.632Z"}
{"level":"info","message":"游니 WebSocket server running on port 3003","timestamp":"2025-10-01T15:00:33.635Z"}
{"level":"info","message":"游깷 Environment: production","timestamp":"2025-10-01T15:00:33.635Z"}
{"level":"info","message":"SIGTERM received, shutting down gracefully","timestamp":"2025-10-01T15:00:36.377Z"}
{"level":"info","message":"游 Trackdesk Backend Server running on port 3003","timestamp":"2025-10-01T15:00:37.239Z"}
{"level":"info","message":"游니 WebSocket server running on port 3003","timestamp":"2025-10-01T15:00:37.242Z"}
{"level":"info","message":"游깷 Environment: production","timestamp":"2025-10-01T15:00:37.242Z"}
{"level":"info","message":"SIGTERM received, shutting down gracefully","timestamp":"2025-10-01T15:00:40.053Z"}
{"level":"info","message":"游 Trackdesk Backend Server running on port 3003","timestamp":"2025-10-01T15:00:40.919Z"}
{"level":"info","message":"游니 WebSocket server running on port 3003","timestamp":"2025-10-01T15:00:40.922Z"}
{"level":"info","message":"游깷 Environment: production","timestamp":"2025-10-01T15:00:40.922Z"}
{"level":"info","message":"SIGTERM received, shutting down gracefully","timestamp":"2025-10-01T15:00:42.827Z"}
{"level":"info","message":"游 Trackdesk Backend Server running on port 3003","timestamp":"2025-10-01T15:00:44.137Z"}
{"level":"info","message":"游니 WebSocket server running on port 3003","timestamp":"2025-10-01T15:00:44.140Z"}
{"level":"info","message":"游깷 Environment: production","timestamp":"2025-10-01T15:00:44.141Z"}
{"level":"info","message":"SIGTERM received, shutting down gracefully","timestamp":"2025-10-01T15:00:55.992Z"}
{"level":"info","message":"游 Trackdesk Backend Server running on port 3003","timestamp":"2025-10-01T15:00:57.183Z"}
{"level":"info","message":"游니 WebSocket server running on port 3003","timestamp":"2025-10-01T15:00:57.186Z"}
{"level":"info","message":"游깷 Environment: production","timestamp":"2025-10-01T15:00:57.187Z"}
{"level":"info","message":"SIGTERM received, shutting down gracefully","timestamp":"2025-10-01T15:00:58.307Z"}
{"level":"info","message":"游 Trackdesk Backend Server running on port 3003","timestamp":"2025-10-01T15:00:59.557Z"}
{"level":"info","message":"游니 WebSocket server running on port 3003","timestamp":"2025-10-01T15:00:59.560Z"}
{"level":"info","message":"游깷 Environment: production","timestamp":"2025-10-01T15:00:59.561Z"}
{"level":"info","message":"SIGTERM received, shutting down gracefully","timestamp":"2025-10-01T15:01:00.912Z"}
{"level":"info","message":"游 Trackdesk Backend Server running on port 3003","timestamp":"2025-10-01T15:01:02.203Z"}
{"level":"info","message":"游니 WebSocket server running on port 3003","timestamp":"2025-10-01T15:01:02.206Z"}
{"level":"info","message":"游깷 Environment: production","timestamp":"2025-10-01T15:01:02.206Z"}
{"level":"info","message":"SIGTERM received, shutting down gracefully","timestamp":"2025-10-01T15:01:04.530Z"}
{"level":"info","message":"游 Trackdesk Backend Server running on port 3003","timestamp":"2025-10-01T15:01:05.717Z"}
{"level":"info","message":"游니 WebSocket server running on port 3003","timestamp":"2025-10-01T15:01:05.719Z"}
{"level":"info","message":"游깷 Environment: production","timestamp":"2025-10-01T15:01:05.720Z"}
{"level":"info","message":"SIGTERM received, shutting down gracefully","timestamp":"2025-10-01T15:01:08.974Z"}
{"level":"info","message":"游 Trackdesk Backend Server running on port 3003","timestamp":"2025-10-01T15:01:10.120Z"}
{"level":"info","message":"游니 WebSocket server running on port 3003","timestamp":"2025-10-01T15:01:10.122Z"}
{"level":"info","message":"游깷 Environment: production","timestamp":"2025-10-01T15:01:10.123Z"}
{"level":"info","message":"SIGTERM received, shutting down gracefully","timestamp":"2025-10-01T15:01:12.547Z"}
{"level":"info","message":"游 Trackdesk Backend Server running on port 3003","timestamp":"2025-10-01T15:01:13.512Z"}
{"level":"info","message":"游니 WebSocket server running on port 3003","timestamp":"2025-10-01T15:01:13.515Z"}
{"level":"info","message":"游깷 Environment: production","timestamp":"2025-10-01T15:01:13.515Z"}
{"level":"info","message":"SIGTERM received, shutting down gracefully","timestamp":"2025-10-01T15:02:56.903Z"}
{"level":"info","message":"游 Trackdesk Backend Server running on port 3003","timestamp":"2025-10-01T15:02:57.932Z"}
{"level":"info","message":"游니 WebSocket server running on port 3003","timestamp":"2025-10-01T15:02:57.936Z"}
{"level":"info","message":"游깷 Environment: production","timestamp":"2025-10-01T15:02:57.936Z"}
{"level":"info","message":"SIGTERM received, shutting down gracefully","timestamp":"2025-10-01T15:03:27.579Z"}
{"level":"info","message":"游 Trackdesk Backend Server running on port 3003","timestamp":"2025-10-01T15:03:28.527Z"}
{"level":"info","message":"游니 WebSocket server running on port 3003","timestamp":"2025-10-01T15:03:28.530Z"}
{"level":"info","message":"游깷 Environment: production","timestamp":"2025-10-01T15:03:28.531Z"}
{"level":"info","message":"SIGTERM received, shutting down gracefully","timestamp":"2025-10-01T15:04:58.963Z"}
{"level":"info","message":"游 Trackdesk Backend Server running on port 3003","timestamp":"2025-10-01T15:05:00.723Z"}
{"level":"info","message":"游니 WebSocket server running on port 3003","timestamp":"2025-10-01T15:05:00.727Z"}
{"level":"info","message":"游깷 Environment: production","timestamp":"2025-10-01T15:05:00.727Z"}
{"level":"info","message":"游 Trackdesk Backend Server running on port 3003","timestamp":"2025-10-01T21:29:45.684Z"}
{"level":"info","message":"游니 WebSocket server running on port 3003","timestamp":"2025-10-01T21:29:45.689Z"}
{"level":"info","message":"游깷 Environment: production","timestamp":"2025-10-01T21:29:45.690Z"}
{"level":"info","message":"SIGTERM received, shutting down gracefully","timestamp":"2025-10-01T21:51:05.993Z"}
{"level":"info","message":"游 Trackdesk Backend Server running on port 3003","timestamp":"2025-10-01T21:51:09.025Z"}
{"level":"info","message":"游니 WebSocket server running on port 3003","timestamp":"2025-10-01T21:51:09.029Z"}
{"level":"info","message":"游깷 Environment: production","timestamp":"2025-10-01T21:51:09.029Z"}
{"level":"info","message":"SIGTERM received, shutting down gracefully","timestamp":"2025-10-01T21:51:21.660Z"}
{"level":"info","message":"游 Trackdesk Backend Server running on port 3003","timestamp":"2025-10-01T21:51:22.733Z"}
{"level":"info","message":"游니 WebSocket server running on port 3003","timestamp":"2025-10-01T21:51:22.736Z"}
{"level":"info","message":"游깷 Environment: production","timestamp":"2025-10-01T21:51:22.736Z"}
{"level":"info","message":"SIGTERM received, shutting down gracefully","timestamp":"2025-10-01T21:51:26.231Z"}
{"level":"info","message":"游 Trackdesk Backend Server running on port 3003","timestamp":"2025-10-01T21:51:27.372Z"}
{"level":"info","message":"游니 WebSocket server running on port 3003","timestamp":"2025-10-01T21:51:27.376Z"}
{"level":"info","message":"游깷 Environment: production","timestamp":"2025-10-01T21:51:27.376Z"}
{"level":"info","message":"SIGTERM received, shutting down gracefully","timestamp":"2025-10-01T21:51:30.651Z"}
{"level":"info","message":"游 Trackdesk Backend Server running on port 3003","timestamp":"2025-10-01T21:51:31.751Z"}
{"level":"info","message":"游니 WebSocket server running on port 3003","timestamp":"2025-10-01T21:51:31.755Z"}
{"level":"info","message":"游깷 Environment: production","timestamp":"2025-10-01T21:51:31.755Z"}
{"level":"info","message":"SIGTERM received, shutting down gracefully","timestamp":"2025-10-01T21:51:40.523Z"}
{"level":"info","message":"游 Trackdesk Backend Server running on port 3003","timestamp":"2025-10-01T21:51:41.643Z"}
{"level":"info","message":"游니 WebSocket server running on port 3003","timestamp":"2025-10-01T21:51:41.646Z"}
{"level":"info","message":"游깷 Environment: production","timestamp":"2025-10-01T21:51:41.647Z"}
{"level":"info","message":"SIGTERM received, shutting down gracefully","timestamp":"2025-10-01T21:51:46.217Z"}
{"level":"info","message":"游 Trackdesk Backend Server running on port 3003","timestamp":"2025-10-01T21:51:47.296Z"}
{"level":"info","message":"游니 WebSocket server running on port 3003","timestamp":"2025-10-01T21:51:47.300Z"}
{"level":"info","message":"游깷 Environment: production","timestamp":"2025-10-01T21:51:47.300Z"}
{"level":"info","message":"SIGTERM received, shutting down gracefully","timestamp":"2025-10-01T21:51:50.137Z"}
{"level":"info","message":"游 Trackdesk Backend Server running on port 3003","timestamp":"2025-10-01T21:51:51.207Z"}
{"level":"info","message":"游니 WebSocket server running on port 3003","timestamp":"2025-10-01T21:51:51.210Z"}
{"level":"info","message":"游깷 Environment: production","timestamp":"2025-10-01T21:51:51.210Z"}
{"level":"info","message":"SIGTERM received, shutting down gracefully","timestamp":"2025-10-01T21:51:53.914Z"}
{"level":"info","message":"游 Trackdesk Backend Server running on port 3003","timestamp":"2025-10-01T21:51:54.965Z"}
{"level":"info","message":"游니 WebSocket server running on port 3003","timestamp":"2025-10-01T21:51:54.968Z"}
{"level":"info","message":"游깷 Environment: production","timestamp":"2025-10-01T21:51:54.968Z"}
{"level":"info","message":"SIGTERM received, shutting down gracefully","timestamp":"2025-10-01T21:51:57.827Z"}
{"level":"info","message":"游 Trackdesk Backend Server running on port 3003","timestamp":"2025-10-01T21:51:58.932Z"}
{"level":"info","message":"游니 WebSocket server running on port 3003","timestamp":"2025-10-01T21:51:58.935Z"}
{"level":"info","message":"游깷 Environment: production","timestamp":"2025-10-01T21:51:58.935Z"}
{"level":"info","message":"SIGTERM received, shutting down gracefully","timestamp":"2025-10-01T21:53:14.740Z"}
{"level":"info","message":"游 Trackdesk Backend Server running on port 3003","timestamp":"2025-10-01T21:53:15.907Z"}
{"level":"info","message":"游니 WebSocket server running on port 3003","timestamp":"2025-10-01T21:53:15.913Z"}
{"level":"info","message":"游깷 Environment: production","timestamp":"2025-10-01T21:53:15.914Z"}
{"level":"info","message":"SIGTERM received, shutting down gracefully","timestamp":"2025-10-01T21:53:19.035Z"}
{"level":"info","message":"游 Trackdesk Backend Server running on port 3003","timestamp":"2025-10-01T21:53:20.140Z"}
{"level":"info","message":"游니 WebSocket server running on port 3003","timestamp":"2025-10-01T21:53:20.143Z"}
{"level":"info","message":"游깷 Environment: production","timestamp":"2025-10-01T21:53:20.144Z"}
{"level":"info","message":"SIGTERM received, shutting down gracefully","timestamp":"2025-10-01T21:57:40.760Z"}
{"level":"info","message":"游 Trackdesk Backend Server running on port 3003","timestamp":"2025-10-01T21:57:42.230Z"}
{"level":"info","message":"游니 WebSocket server running on port 3003","timestamp":"2025-10-01T21:57:42.233Z"}
{"level":"info","message":"游깷 Environment: production","timestamp":"2025-10-01T21:57:42.234Z"}
{"level":"info","message":"SIGTERM received, shutting down gracefully","timestamp":"2025-10-01T21:57:57.724Z"}
{"level":"info","message":"游 Trackdesk Backend Server running on port 3003","timestamp":"2025-10-01T21:58:00.685Z"}
{"level":"info","message":"游니 WebSocket server running on port 3003","timestamp":"2025-10-01T21:58:00.688Z"}
{"level":"info","message":"游깷 Environment: production","timestamp":"2025-10-01T21:58:00.689Z"}
{"level":"info","message":"游 Trackdesk Backend Server running on port 3003","timestamp":"2025-10-01T22:13:08.141Z"}
{"level":"info","message":"游니 WebSocket server running on port 3003","timestamp":"2025-10-01T22:13:08.148Z"}
{"level":"info","message":"游깷 Environment: production","timestamp":"2025-10-01T22:13:08.148Z"}
{"level":"info","message":"SIGTERM received, shutting down gracefully","timestamp":"2025-10-02T13:52:34.520Z"}
{"level":"info","message":"游 Trackdesk Backend Server running on port 3003","timestamp":"2025-10-02T13:52:35.763Z"}
{"level":"info","message":"游니 WebSocket server running on port 3003","timestamp":"2025-10-02T13:52:35.766Z"}
{"level":"info","message":"游깷 Environment: production","timestamp":"2025-10-02T13:52:35.766Z"}
{"level":"info","message":"游 Trackdesk Backend Server running on port 3003","timestamp":"2025-10-03T15:47:31.346Z"}
{"level":"info","message":"游니 WebSocket server running on port 3003","timestamp":"2025-10-03T15:47:31.348Z"}
{"level":"info","message":"游깷 Environment: production","timestamp":"2025-10-03T15:47:31.349Z"}
{"level":"info","message":"游 Trackdesk Backend Server running on port 3003","timestamp":"2025-10-03T15:58:10.045Z"}
{"level":"info","message":"游니 WebSocket server running on port 3003","timestamp":"2025-10-03T15:58:10.049Z"}
{"level":"info","message":"游깷 Environment: production","timestamp":"2025-10-03T15:58:10.050Z"}
{"level":"info","message":"SIGTERM received, shutting down gracefully","timestamp":"2025-10-03T19:16:45.613Z"}
{"level":"info","message":"游 Trackdesk Backend Server running on port 3003","timestamp":"2025-10-03T19:16:47.161Z"}
{"level":"info","message":"游니 WebSocket server running on port 3003","timestamp":"2025-10-03T19:16:47.164Z"}
{"level":"info","message":"游깷 Environment: production","timestamp":"2025-10-03T19:16:47.165Z"}
{"level":"info","message":"游 Trackdesk Backend Server running on port 3003","timestamp":"2025-10-03T19:17:54.026Z"}
{"level":"info","message":"游니 WebSocket server running on port 3003","timestamp":"2025-10-03T19:17:54.029Z"}
{"level":"info","message":"游깷 Environment: production","timestamp":"2025-10-03T19:17:54.029Z"}
{"level":"info","message":"SIGTERM received, shutting down gracefully","timestamp":"2025-10-03T19:18:04.598Z"}
{"level":"info","message":"游 Trackdesk Backend Server running on port 3003","timestamp":"2025-10-03T19:18:06.755Z"}
{"level":"info","message":"游니 WebSocket server running on port 3003","timestamp":"2025-10-03T19:18:06.760Z"}
{"level":"info","message":"游깷 Environment: production","timestamp":"2025-10-03T19:18:06.761Z"}
{"level":"info","message":"SIGTERM received, shutting down gracefully","timestamp":"2025-10-03T19:44:30.384Z"}
{"level":"info","message":"游 Trackdesk Backend Server running on port 3003","timestamp":"2025-10-03T19:44:32.690Z"}
{"level":"info","message":"游니 WebSocket server running on port 3003","timestamp":"2025-10-03T19:44:32.739Z"}
{"level":"info","message":"游깷 Environment: production","timestamp":"2025-10-03T19:44:32.739Z"}
{"level":"info","message":"游 Trackdesk Backend Server running on port 3003","timestamp":"2025-10-03T19:54:33.945Z"}
{"level":"info","message":"游니 WebSocket server running on port 3003","timestamp":"2025-10-03T19:54:33.948Z"}
{"level":"info","message":"游깷 Environment: production","timestamp":"2025-10-03T19:54:33.949Z"}
{"level":"info","message":"SIGTERM received, shutting down gracefully","timestamp":"2025-10-03T19:55:16.431Z"}
{"level":"info","message":"游 Trackdesk Backend Server running on port 3003","timestamp":"2025-10-03T19:55:17.977Z"}
{"level":"info","message":"游니 WebSocket server running on port 3003","timestamp":"2025-10-03T19:55:17.981Z"}
{"level":"info","message":"游깷 Environment: production","timestamp":"2025-10-03T19:55:17.981Z"}
{"level":"info","message":"SIGTERM received, shutting down gracefully","timestamp":"2025-10-03T19:55:23.504Z"}
{"level":"info","message":"游 Trackdesk Backend Server running on port 3003","timestamp":"2025-10-03T19:55:25.098Z"}
{"level":"info","message":"游니 WebSocket server running on port 3003","timestamp":"2025-10-03T19:55:25.102Z"}
{"level":"info","message":"游깷 Environment: production","timestamp":"2025-10-03T19:55:25.102Z"}
{"level":"info","message":"SIGTERM received, shutting down gracefully","timestamp":"2025-10-03T19:55:29.734Z"}
{"level":"info","message":"游 Trackdesk Backend Server running on port 3003","timestamp":"2025-10-03T19:55:53.123Z"}
{"level":"info","message":"游니 WebSocket server running on port 3003","timestamp":"2025-10-03T19:55:53.126Z"}
{"level":"info","message":"游깷 Environment: production","timestamp":"2025-10-03T19:55:53.127Z"}
{"level":"info","message":"SIGTERM received, shutting down gracefully","timestamp":"2025-10-03T19:56:10.741Z"}
{"level":"info","message":"游 Trackdesk Backend Server running on port 3003","timestamp":"2025-10-03T19:56:11.793Z"}
{"level":"info","message":"游니 WebSocket server running on port 3003","timestamp":"2025-10-03T19:56:11.796Z"}
{"level":"info","message":"游깷 Environment: production","timestamp":"2025-10-03T19:56:11.797Z"}
{"level":"info","message":"SIGTERM received, shutting down gracefully","timestamp":"2025-10-03T20:14:32.009Z"}
{"level":"info","message":"游 Trackdesk Backend Server running on port 3003","timestamp":"2025-10-03T20:14:33.953Z"}
{"level":"info","message":"游니 WebSocket server running on port 3003","timestamp":"2025-10-03T20:14:33.957Z"}
{"level":"info","message":"游깷 Environment: production","timestamp":"2025-10-03T20:14:33.957Z"}
{"level":"info","message":"SIGTERM received, shutting down gracefully","timestamp":"2025-10-03T20:14:38.436Z"}
{"level":"info","message":"游 Trackdesk Backend Server running on port 3003","timestamp":"2025-10-03T20:14:39.779Z"}
{"level":"info","message":"游니 WebSocket server running on port 3003","timestamp":"2025-10-03T20:14:39.782Z"}
{"level":"info","message":"游깷 Environment: production","timestamp":"2025-10-03T20:14:39.783Z"}
{"level":"info","message":"SIGTERM received, shutting down gracefully","timestamp":"2025-10-03T20:19:19.114Z"}
{"level":"info","message":"游 Trackdesk Backend Server running on port 3003","timestamp":"2025-10-03T20:19:21.581Z"}
{"level":"info","message":"游니 WebSocket server running on port 3003","timestamp":"2025-10-03T20:19:21.585Z"}
{"level":"info","message":"游깷 Environment: production","timestamp":"2025-10-03T20:19:21.586Z"}
{"level":"info","message":"SIGTERM received, shutting down gracefully","timestamp":"2025-10-03T20:19:26.627Z"}
{"level":"info","message":"游 Trackdesk Backend Server running on port 3003","timestamp":"2025-10-03T20:19:28.146Z"}
{"level":"info","message":"游니 WebSocket server running on port 3003","timestamp":"2025-10-03T20:19:28.149Z"}
{"level":"info","message":"游깷 Environment: production","timestamp":"2025-10-03T20:19:28.150Z"}
{"level":"info","message":"SIGTERM received, shutting down gracefully","timestamp":"2025-10-03T20:20:00.625Z"}
{"level":"info","message":"游 Trackdesk Backend Server running on port 3003","timestamp":"2025-10-03T20:20:02.167Z"}
{"level":"info","message":"游니 WebSocket server running on port 3003","timestamp":"2025-10-03T20:20:02.172Z"}
{"level":"info","message":"游깷 Environment: production","timestamp":"2025-10-03T20:20:02.172Z"}
{"level":"info","message":"SIGTERM received, shutting down gracefully","timestamp":"2025-10-03T20:29:12.934Z"}
{"level":"info","message":"游 Trackdesk Backend Server running on port 3003","timestamp":"2025-10-03T20:29:14.941Z"}
{"level":"info","message":"游니 WebSocket server running on port 3003","timestamp":"2025-10-03T20:29:14.944Z"}
{"level":"info","message":"游깷 Environment: production","timestamp":"2025-10-03T20:29:14.945Z"}
{"level":"info","message":"SIGTERM received, shutting down gracefully","timestamp":"2025-10-03T20:29:17.561Z"}
{"level":"info","message":"游 Trackdesk Backend Server running on port 3003","timestamp":"2025-10-03T20:29:19.022Z"}
{"level":"info","message":"游니 WebSocket server running on port 3003","timestamp":"2025-10-03T20:29:19.027Z"}
{"level":"info","message":"游깷 Environment: production","timestamp":"2025-10-03T20:29:19.027Z"}
